[2025-07-18 05:32:33] [INFO] [::1] Database connection established successfully
[2025-07-18 05:34:08] [INFO] [::1] Database connection established successfully
[2025-07-18 05:34:10] [INFO] [::1] Application initialized
[2025-07-18 09:04:10] [INFO] [::1] Database connection established successfully
[2025-07-18 09:04:10] [INFO] [::1] Admin dashboard accessed
[2025-07-18 09:04:10] [ERROR] [::1] Failed to prepare notifications query: 
[2025-07-18 18:16:25] [INFO] [::1] Session contents: Array
(
)

[2025-07-18 18:16:49] [INFO] [::1] Session contents: Array
(
)

[2025-07-18 18:16:57] [INFO] [::1] Session contents: Array
(
)

[2025-07-18 18:16:57] [INFO] [::1] Database connection established successfully
[2025-07-18 21:46:57] [INFO] [::1] User found: Mayank Soni
[2025-07-18 21:46:57] [INFO] [::1] Password verified successfully
[2025-07-18 18:16:57] [INFO] [::1] Application initialized
[2025-07-18 21:46:57] [INFO] [::1] Database connection established successfully
[2025-07-18 21:46:57] [INFO] [::1] Admin dashboard accessed
[2025-07-18 21:46:57] [ERROR] [::1] Failed to prepare notifications query: 
[2025-07-18 18:17:03] [INFO] [::1] Database connection established successfully
[2025-07-18 18:17:05] [INFO] [::1] Database connection established successfully
[2025-07-18 18:17:09] [INFO] [::1] Application initialized
[2025-07-18 21:47:09] [INFO] [::1] Database connection established successfully
[2025-07-18 21:47:09] [INFO] [::1] Admin dashboard accessed
[2025-07-18 21:47:09] [ERROR] [::1] Failed to prepare notifications query: 
[2025-07-18 18:17:33] [INFO] [::1] Database connection established successfully
[2025-07-18 18:17:38] [INFO] [::1] Database connection established successfully
